2023.09.15 12:29:22 INFO  Started: Metals version 1.0.1 in folders '/home/dead/Documents/rust/pest_parser_example' for client Visual Studio Code 1.81.0.[0m
Sep 15, 2023 12:29:22 PM org.flywaydb.core.internal.license.VersionPrinter printVersionOnly
INFO: Flyway Community Edition 9.21.2 by Redgate
Sep 15, 2023 12:29:22 PM org.flywaydb.core.internal.license.VersionPrinter printVersion
INFO: See release notes here: https://rd.gt/416ObMi
Sep 15, 2023 12:29:22 PM org.flywaydb.core.internal.license.VersionPrinter printVersion
INFO: 
Sep 15, 2023 12:29:22 PM org.flywaydb.core.FlywayExecutor execute
INFO: Database: jdbc:h2:file:/home/dead/Documents/rust/pest_parser_example/.metals/metals (H2 2.1)
Sep 15, 2023 12:29:22 PM org.flywaydb.core.internal.schemahistory.JdbcTableSchemaHistory allAppliedMigrations
INFO: Schema history table "PUBLIC"."flyway_schema_history" does not exist yet
Sep 15, 2023 12:29:22 PM org.flywaydb.core.internal.command.DbValidate validate
INFO: Successfully validated 4 migrations (execution time 00:00.013s)
Sep 15, 2023 12:29:22 PM org.flywaydb.core.internal.schemahistory.JdbcTableSchemaHistory create
INFO: Creating Schema History table "PUBLIC"."flyway_schema_history" ...
Sep 15, 2023 12:29:22 PM org.flywaydb.core.internal.command.DbMigrate migrateGroup
INFO: Current version of schema "PUBLIC": << Empty Schema >>
Sep 15, 2023 12:29:22 PM org.flywaydb.core.internal.command.DbMigrate doMigrateGroup
INFO: Migrating schema "PUBLIC" to version "1 - Create tables"
Sep 15, 2023 12:29:22 PM org.flywaydb.core.internal.command.DbMigrate doMigrateGroup
INFO: Migrating schema "PUBLIC" to version "2 - Server discovery"
Sep 15, 2023 12:29:22 PM org.flywaydb.core.internal.command.DbMigrate doMigrateGroup
INFO: Migrating schema "PUBLIC" to version "3 - Jar symbols"
Sep 15, 2023 12:29:22 PM org.flywaydb.core.internal.command.DbMigrate doMigrateGroup
INFO: Migrating schema "PUBLIC" to version "4 - Fingerprints"
Sep 15, 2023 12:29:22 PM org.flywaydb.core.internal.command.DbMigrate logSummary
INFO: Successfully applied 4 migrations to schema "PUBLIC", now at version v4 (execution time 00:00.016s)
2023.09.15 12:29:22 INFO  time: initialize in 0.41s[0m
2023.09.15 12:29:23 WARN  Build server is not auto-connectable.[0m
2023.09.15 12:29:23 WARN  no build tool detected in workspace '/home/dead/Documents/rust/pest_parser_example'. The most common cause for this problem is that the editor was opened in the wrong working directory, for example if you use sbt then the workspace directory should contain build.sbt. [0m
2023.09.22 12:00:34 INFO  Shutting down server[0m
2023.09.22 12:00:34 INFO  shutting down Metals[0m
2023.09.22 12:00:34 INFO  Exiting server[0m
